<?xml version="1.0" encoding="UTF-8"?>
<!-- Generated by org.testng.reporters.JUnitXMLReporter -->
<testsuite hostname="jolanta-VirtualBox" name="Surefire test" tests="29" failures="0" timestamp="1 Apr 2021 21:46:13 GMT" time="0.159" errors="0">
  <testcase name="testNaturalLogarithmWithZero on testNaturalLogarithmWithZero(com.example.hogskolan.Calculator.CalculatorMethodsTest)" time="0.007" classname="com.example.hogskolan.Calculator.CalculatorMethodsTest"/>
  <testcase name="testDivisionWithPositive on testDivisionWithPositive(com.example.hogskolan.Calculator.CalculatorMethodsTest)" time="0.001" classname="com.example.hogskolan.Calculator.CalculatorMethodsTest"/>
  <testcase name="testMultiplicationWithZero on testMultiplicationWithZero(com.example.hogskolan.Calculator.CalculatorMethodsTest)" time="0.001" classname="com.example.hogskolan.Calculator.CalculatorMethodsTest"/>
  <testcase name="testDivisionWithZero on testDivisionWithZero(com.example.hogskolan.Calculator.CalculatorMethodsTest)" time="0.001" classname="com.example.hogskolan.Calculator.CalculatorMethodsTest"/>
  <testcase name="testDivisionWithNegative on testDivisionWithNegative(com.example.hogskolan.Calculator.CalculatorMethodsTest)" time="0.001" classname="com.example.hogskolan.Calculator.CalculatorMethodsTest"/>
  <testcase name="testRaisToThePowerOfWithZeroExponent on testRaisToThePowerOfWithZeroExponent(com.example.hogskolan.Calculator.CalculatorMethodsTest)" time="0.001" classname="com.example.hogskolan.Calculator.CalculatorMethodsTest"/>
  <testcase name="testSubtractionWithZero on testSubtractionWithZero(com.example.hogskolan.Calculator.CalculatorMethodsTest)" time="0.001" classname="com.example.hogskolan.Calculator.CalculatorMethodsTest"/>
  <testcase name="testRaisToThePowerOf on testRaisToThePowerOf(com.example.hogskolan.Calculator.CalculatorMethodsTest)" time="0.001" classname="com.example.hogskolan.Calculator.CalculatorMethodsTest"/>
  <testcase name="testAdditionWithPositive on testAdditionWithPositive(com.example.hogskolan.Calculator.CalculatorMethodsTest)" time="0.001" classname="com.example.hogskolan.Calculator.CalculatorMethodsTest"/>
  <testcase name="testAdditionWithNegative on testAdditionWithNegative(com.example.hogskolan.Calculator.CalculatorMethodsTest)" time="0.001" classname="com.example.hogskolan.Calculator.CalculatorMethodsTest"/>
  <testcase name="testRaisToThePowerOfwithPositive on testRaisToThePowerOfwithPositive(com.example.hogskolan.Calculator.CalculatorMethodsTest)" time="0.001" classname="com.example.hogskolan.Calculator.CalculatorMethodsTest"/>
  <testcase name="testRaisToThePowerOfWithZeroBase on testRaisToThePowerOfWithZeroBase(com.example.hogskolan.Calculator.CalculatorMethodsTest)" time="0.001" classname="com.example.hogskolan.Calculator.CalculatorMethodsTest"/>
  <testcase name="testRaisToThePowerOfWithNegative on testRaisToThePowerOfWithNegative(com.example.hogskolan.Calculator.CalculatorMethodsTest)" time="0.0" classname="com.example.hogskolan.Calculator.CalculatorMethodsTest"/>
  <testcase name="testNaturalLogarithmWithPositive on testNaturalLogarithmWithPositive(com.example.hogskolan.Calculator.CalculatorMethodsTest)" time="0.001" classname="com.example.hogskolan.Calculator.CalculatorMethodsTest"/>
  <testcase name="testInverseSinFunctionWithPositive on testInverseSinFunctionWithPositive(com.example.hogskolan.Calculator.CalculatorMethodsTest)" time="0.001" classname="com.example.hogskolan.Calculator.CalculatorMethodsTest"/>
  <testcase name="testNaturalLogarithmWithNegative on testNaturalLogarithmWithNegative(com.example.hogskolan.Calculator.CalculatorMethodsTest)" time="0.003" classname="com.example.hogskolan.Calculator.CalculatorMethodsTest"/>
  <testcase name="testSquareWithPositive on testSquareWithPositive(com.example.hogskolan.Calculator.CalculatorMethodsTest)" time="0.001" classname="com.example.hogskolan.Calculator.CalculatorMethodsTest"/>
  <testcase name="testSubtractionWithPositive on testSubtractionWithPositive(com.example.hogskolan.Calculator.CalculatorMethodsTest)" time="0.001" classname="com.example.hogskolan.Calculator.CalculatorMethodsTest"/>
  <testcase name="testInverseSinFunctionWithNegative on testInverseSinFunctionWithNegative(com.example.hogskolan.Calculator.CalculatorMethodsTest)" time="0.001" classname="com.example.hogskolan.Calculator.CalculatorMethodsTest"/>
  <testcase name="testSinFunctionwithPositive on testSinFunctionwithPositive(com.example.hogskolan.Calculator.CalculatorMethodsTest)" time="0.001" classname="com.example.hogskolan.Calculator.CalculatorMethodsTest"/>
  <testcase name="testSquareWithNegative on testSquareWithNegative(com.example.hogskolan.Calculator.CalculatorMethodsTest)" time="0.001" classname="com.example.hogskolan.Calculator.CalculatorMethodsTest"/>
  <testcase name="testSubtractionWithNegative on testSubtractionWithNegative(com.example.hogskolan.Calculator.CalculatorMethodsTest)" time="0.0" classname="com.example.hogskolan.Calculator.CalculatorMethodsTest"/>
  <testcase name="testSinFunctionWithNegative on testSinFunctionWithNegative(com.example.hogskolan.Calculator.CalculatorMethodsTest)" time="0.001" classname="com.example.hogskolan.Calculator.CalculatorMethodsTest"/>
  <testcase name="testMultiplicationWithPositive on testMultiplicationWithPositive(com.example.hogskolan.Calculator.CalculatorMethodsTest)" time="0.001" classname="com.example.hogskolan.Calculator.CalculatorMethodsTest"/>
  <testcase name="testSinFunctionWithZero on testSinFunctionWithZero(com.example.hogskolan.Calculator.CalculatorMethodsTest)" time="0.001" classname="com.example.hogskolan.Calculator.CalculatorMethodsTest"/>
  <testcase name="testMultiplicationWithNegative on testMultiplicationWithNegative(com.example.hogskolan.Calculator.CalculatorMethodsTest)" time="0.001" classname="com.example.hogskolan.Calculator.CalculatorMethodsTest"/>
  <testcase name="testAdditionWithZero on testAdditionWithZero(com.example.hogskolan.Calculator.CalculatorMethodsTest)" time="0.001" classname="com.example.hogskolan.Calculator.CalculatorMethodsTest"/>
  <testcase name="testInverseSinFunctionWithZero on testInverseSinFunctionWithZero(com.example.hogskolan.Calculator.CalculatorMethodsTest)" time="0.001" classname="com.example.hogskolan.Calculator.CalculatorMethodsTest"/>
  <testcase name="testSquareWithZero on testSquareWithZero(com.example.hogskolan.Calculator.CalculatorMethodsTest)" time="0.001" classname="com.example.hogskolan.Calculator.CalculatorMethodsTest"/>
</testsuite> <!-- Surefire test -->
